<?xml version="1.0" encoding="utf-8"?>
<CoverageSession xmlns:xsd="http://www.w3.org/2001/XMLSchema" xmlns:xsi="http://www.w3.org/2001/XMLSchema-instance">
  <Summary numSequencePoints="7" visitedSequencePoints="5" numBranchPoints="3" visitedBranchPoints="2" sequenceCoverage="71.43" branchCoverage="66.67" maxCyclomaticComplexity="3" minCyclomaticComplexity="1" visitedClasses="1" numClasses="1" visitedMethods="1" numMethods="1" />
  <Modules>
    <Module skippedDueTo="Filter" hash="2F-32-F6-32-B3-ED-81-E1-6A-C5-3F-9D-55-D3-B9-06-66-BA-4E-79">
      <ModulePath>C:\WINDOWS\Microsoft.Net\assembly\GAC_32\mscorlib\v4.0_4.0.0.0__b77a5c561934e089\mscorlib.dll</ModulePath>
      <ModuleTime>2018-09-21T11:57:41.0775187Z</ModuleTime>
      <ModuleName>mscorlib</ModuleName>
      <Classes />
    </Module>
    <Module skippedDueTo="Filter" hash="F1-72-EA-EB-51-D3-BA-7E-53-5C-97-5C-23-8C-95-58-05-FD-64-29">
      <ModulePath>C:\Program Files (x86)\Microsoft Visual Studio\2017\Community\Common7\IDE\CommonExtensions\Microsoft\TestWindow\vstest.console.exe</ModulePath>
      <ModuleTime>2018-09-24T06:37:21.5047122Z</ModuleTime>
      <ModuleName>vstest.console</ModuleName>
      <Classes />
    </Module>
    <Module skippedDueTo="Filter" hash="79-12-E6-07-C9-2B-2C-22-90-B8-9A-6F-64-4D-DA-17-F4-3D-BA-8C">
      <ModulePath>C:\Program Files (x86)\Microsoft Visual Studio\2017\Community\Common7\IDE\CommonExtensions\Microsoft\TestWindow\Microsoft.VisualStudio.TestPlatform.Common.dll</ModulePath>
      <ModuleTime>2018-09-24T06:37:21.5047122Z</ModuleTime>
      <ModuleName>Microsoft.VisualStudio.TestPlatform.Common</ModuleName>
      <Classes />
    </Module>
    <Module skippedDueTo="Filter" hash="15-D0-15-0C-5E-E2-28-17-A6-8D-81-2C-84-14-48-1F-8F-3D-9C-8E">
      <ModulePath>C:\Program Files (x86)\Microsoft Visual Studio\2017\Community\Common7\IDE\CommonExtensions\Microsoft\TestWindow\Microsoft.VisualStudio.TestPlatform.ObjectModel.dll</ModulePath>
      <ModuleTime>2018-09-24T06:37:21.5047122Z</ModuleTime>
      <ModuleName>Microsoft.VisualStudio.TestPlatform.ObjectModel</ModuleName>
      <Classes />
    </Module>
    <Module skippedDueTo="Filter" hash="14-E0-92-A3-E6-55-AD-34-4C-1F-68-AA-11-7F-12-68-BE-ED-46-45">
      <ModulePath>C:\WINDOWS\Microsoft.Net\assembly\GAC_MSIL\System.ComponentModel.Composition\v4.0_4.0.0.0__b77a5c561934e089\System.ComponentModel.Composition.dll</ModulePath>
      <ModuleTime>2018-04-11T23:35:18.1697369Z</ModuleTime>
      <ModuleName>System.ComponentModel.Composition</ModuleName>
      <Classes />
    </Module>
    <Module skippedDueTo="Filter" hash="7B-9A-AB-FE-2F-2E-1F-20-5A-36-8B-C0-38-08-BB-92-E3-B7-A8-18">
      <ModulePath>C:\WINDOWS\Microsoft.Net\assembly\GAC_MSIL\System.Core\v4.0_4.0.0.0__b77a5c561934e089\System.Core.dll</ModulePath>
      <ModuleTime>2018-09-21T11:57:41.7031383Z</ModuleTime>
      <ModuleName>System.Core</ModuleName>
      <Classes />
    </Module>
    <Module skippedDueTo="Filter" hash="93-4F-69-26-70-99-84-E5-0D-4D-EA-20-1B-32-24-53-33-41-8D-07">
      <ModulePath>C:\Program Files (x86)\Microsoft Visual Studio\2017\Community\Common7\IDE\CommonExtensions\Microsoft\TestWindow\Microsoft.VisualStudio.TestPlatform.Utilities.dll</ModulePath>
      <ModuleTime>2018-09-24T06:37:21.5047122Z</ModuleTime>
      <ModuleName>Microsoft.VisualStudio.TestPlatform.Utilities</ModuleName>
      <Classes />
    </Module>
    <Module skippedDueTo="Filter" hash="BA-D5-C6-DC-0C-59-DA-6B-C8-40-22-29-40-86-10-C6-40-6D-57-E5">
      <ModulePath>C:\WINDOWS\Microsoft.Net\assembly\GAC_MSIL\System\v4.0_4.0.0.0__b77a5c561934e089\System.dll</ModulePath>
      <ModuleTime>2018-09-21T11:57:41.4622457Z</ModuleTime>
      <ModuleName>System</ModuleName>
      <Classes />
    </Module>
    <Module skippedDueTo="Filter" hash="2A-F4-1C-14-5D-7A-74-B3-03-8B-1D-2A-59-DC-B6-BE-1D-C8-EF-54">
      <ModulePath>C:\WINDOWS\Microsoft.Net\assembly\GAC_MSIL\System.Configuration\v4.0_4.0.0.0__b03f5f7f11d50a3a\System.Configuration.dll</ModulePath>
      <ModuleTime>2018-04-11T23:35:16.9508953Z</ModuleTime>
      <ModuleName>System.Configuration</ModuleName>
      <Classes />
    </Module>
    <Module skippedDueTo="Filter" hash="F2-26-5B-FA-55-E9-5B-BC-DD-3A-32-56-2C-38-71-11-1A-8E-6D-32">
      <ModulePath>C:\WINDOWS\Microsoft.Net\assembly\GAC_MSIL\System.Xml\v4.0_4.0.0.0__b77a5c561934e089\System.Xml.dll</ModulePath>
      <ModuleTime>2018-04-11T23:35:17.0290261Z</ModuleTime>
      <ModuleName>System.Xml</ModuleName>
      <Classes />
    </Module>
    <Module skippedDueTo="Filter" hash="AF-C6-E9-68-D9-A7-4D-D9-C3-04-67-C4-35-16-61-B1-0E-D8-89-79">
      <ModulePath>C:\Program Files (x86)\Microsoft Visual Studio\2017\Community\Common7\IDE\CommonExtensions\Microsoft\TestWindow\Microsoft.VisualStudio.TestPlatform.Client.dll</ModulePath>
      <ModuleTime>2018-09-24T06:37:21.5047122Z</ModuleTime>
      <ModuleName>Microsoft.VisualStudio.TestPlatform.Client</ModuleName>
      <Classes />
    </Module>
    <Module skippedDueTo="Filter" hash="DD-65-F0-39-CB-AB-85-8A-61-D4-A3-C0-3E-CA-2F-AA-84-54-C5-84">
      <ModulePath>C:\WINDOWS\Microsoft.Net\assembly\GAC_MSIL\System.ServiceModel\v4.0_4.0.0.0__b77a5c561934e089\System.ServiceModel.dll</ModulePath>
      <ModuleTime>2018-09-21T11:57:53.3952964Z</ModuleTime>
      <ModuleName>System.ServiceModel</ModuleName>
      <Classes />
    </Module>
    <Module skippedDueTo="Filter" hash="64-74-A2-4F-AA-9F-CD-E3-B5-E8-E1-AB-5F-9C-B6-06-3C-FA-BC-65">
      <ModulePath>C:\Program Files (x86)\Microsoft Visual Studio\2017\Community\Common7\IDE\CommonExtensions\Microsoft\TestWindow\Microsoft.VisualStudio.QualityTools.ExecutionCommon.dll</ModulePath>
      <ModuleTime>2018-09-24T06:37:21.5047122Z</ModuleTime>
      <ModuleName>Microsoft.VisualStudio.QualityTools.ExecutionCommon</ModuleName>
      <Classes />
    </Module>
    <Module skippedDueTo="Filter" hash="C0-0D-F6-99-73-E4-6B-BD-26-07-02-CA-86-34-34-29-B9-D1-A2-C6">
      <ModulePath>C:\Program Files (x86)\Microsoft Visual Studio\2017\Community\Common7\IDE\CommonExtensions\Microsoft\TestWindow\Microsoft.VisualStudio.QualityTools.Common.dll</ModulePath>
      <ModuleTime>2018-09-24T06:37:21.5047122Z</ModuleTime>
      <ModuleName>Microsoft.VisualStudio.QualityTools.Common</ModuleName>
      <Classes />
    </Module>
    <Module skippedDueTo="Filter" hash="C4-7C-C3-38-36-0B-B8-36-6C-A0-A6-C1-5B-BD-AB-0E-53-93-02-31">
      <ModulePath>C:\WINDOWS\Microsoft.Net\assembly\GAC_MSIL\System.Runtime.Serialization\v4.0_4.0.0.0__b77a5c561934e089\System.Runtime.Serialization.dll</ModulePath>
      <ModuleTime>2018-09-21T11:57:53.4892891Z</ModuleTime>
      <ModuleName>System.Runtime.Serialization</ModuleName>
      <Classes />
    </Module>
    <Module skippedDueTo="Filter" hash="92-75-9E-02-B2-E5-82-83-FA-1F-F6-0D-A7-32-81-2C-4A-1F-ED-15">
      <ModulePath>C:\Program Files (x86)\Microsoft Visual Studio\2017\Community\Common7\IDE\CommonExtensions\Microsoft\TestWindow\Microsoft.VisualStudio.TestPlatform.Core.dll</ModulePath>
      <ModuleTime>2018-09-24T06:37:21.5047122Z</ModuleTime>
      <ModuleName>Microsoft.VisualStudio.TestPlatform.Core</ModuleName>
      <Classes />
    </Module>
    <Module skippedDueTo="Filter" hash="91-54-8D-CC-10-D2-B7-94-62-D7-1A-77-5A-34-63-50-79-0C-01-7C">
      <ModulePath>C:\WINDOWS\Microsoft.Net\assembly\GAC_32\System.Transactions\v4.0_4.0.0.0__b77a5c561934e089\System.Transactions.dll</ModulePath>
      <ModuleTime>2018-04-11T23:35:24.7483643Z</ModuleTime>
      <ModuleName>System.Transactions</ModuleName>
      <Classes />
    </Module>
    <Module skippedDueTo="Filter" hash="">
      <ModulePath>RefEmit_InMemoryManifestModule</ModulePath>
      <ModuleTime>0001-01-01T00:00:00</ModuleTime>
      <ModuleName>MetadataViewProxies_a241b354-c806-47d3-bec1-3ae31248dd86</ModuleName>
      <Classes />
    </Module>
    <Module skippedDueTo="Filter" hash="2B-57-28-48-4B-F1-70-06-20-31-2C-41-13-9F-C4-08-F9-BA-B0-FA">
      <ModulePath>C:\Program Files (x86)\Microsoft Visual Studio\2017\Community\Common7\IDE\Extensions\TestPlatform\vstest.console.exe</ModulePath>
      <ModuleTime>2018-09-24T06:37:21.5047122Z</ModuleTime>
      <ModuleName>vstest.console</ModuleName>
      <Classes />
    </Module>
    <Module skippedDueTo="Filter" hash="0A-C1-B4-28-34-56-20-41-1A-9C-A4-EB-7E-A1-15-87-7F-93-99-11">
      <ModulePath>C:\Program Files (x86)\Microsoft Visual Studio\2017\Community\Common7\IDE\Extensions\TestPlatform\Microsoft.TestPlatform.CoreUtilities.dll</ModulePath>
      <ModuleTime>2018-09-24T06:37:21.5047122Z</ModuleTime>
      <ModuleName>Microsoft.TestPlatform.CoreUtilities</ModuleName>
      <Classes />
    </Module>
    <Module skippedDueTo="Filter" hash="BA-D5-C6-DC-0C-59-DA-6B-C8-40-22-29-40-86-10-C6-40-6D-57-E5">
      <ModulePath>C:\WINDOWS\Microsoft.Net\assembly\GAC_MSIL\System\v4.0_4.0.0.0__b77a5c561934e089\System.dll</ModulePath>
      <ModuleTime>2018-09-21T11:57:41.4622457Z</ModuleTime>
      <ModuleName>System</ModuleName>
      <Classes />
    </Module>
    <Module skippedDueTo="Filter" hash="E2-9B-76-52-06-68-31-0A-F2-13-8D-E5-66-4B-CB-72-54-F5-25-91">
      <ModulePath>C:\Program Files (x86)\Microsoft Visual Studio\2017\Community\Common7\IDE\Extensions\TestPlatform\Microsoft.VisualStudio.TestPlatform.ObjectModel.dll</ModulePath>
      <ModuleTime>2018-09-24T06:37:21.5047122Z</ModuleTime>
      <ModuleName>Microsoft.VisualStudio.TestPlatform.ObjectModel</ModuleName>
      <Classes />
    </Module>
    <Module skippedDueTo="Filter" hash="52-F0-BD-73-C3-DF-89-35-A8-A7-C7-A3-98-07-E8-AD-FC-2A-D5-71">
      <ModulePath>C:\Program Files (x86)\Microsoft Visual Studio\2017\Community\Common7\IDE\Extensions\TestPlatform\Microsoft.VisualStudio.TestPlatform.Client.dll</ModulePath>
      <ModuleTime>2018-09-24T06:37:21.5047122Z</ModuleTime>
      <ModuleName>Microsoft.VisualStudio.TestPlatform.Client</ModuleName>
      <Classes />
    </Module>
    <Module skippedDueTo="Filter" hash="BE-0B-4C-76-65-A6-CD-34-75-43-CD-C1-38-AD-9D-90-4F-8C-A9-17">
      <ModulePath>C:\Program Files (x86)\Microsoft Visual Studio\2017\Community\Common7\IDE\Extensions\TestPlatform\Microsoft.VisualStudio.TestPlatform.Common.dll</ModulePath>
      <ModuleTime>2018-09-24T06:37:21.5047122Z</ModuleTime>
      <ModuleName>Microsoft.VisualStudio.TestPlatform.Common</ModuleName>
      <Classes />
    </Module>
    <Module skippedDueTo="Filter" hash="7B-9A-AB-FE-2F-2E-1F-20-5A-36-8B-C0-38-08-BB-92-E3-B7-A8-18">
      <ModulePath>C:\WINDOWS\Microsoft.Net\assembly\GAC_MSIL\System.Core\v4.0_4.0.0.0__b77a5c561934e089\System.Core.dll</ModulePath>
      <ModuleTime>2018-09-21T11:57:41.7031383Z</ModuleTime>
      <ModuleName>System.Core</ModuleName>
      <Classes />
    </Module>
    <Module skippedDueTo="Filter" hash="7F-EE-8E-97-FA-E2-59-75-F0-CF-46-F0-A9-DD-9B-6C-27-65-2E-71">
      <ModulePath>C:\Program Files (x86)\Microsoft Visual Studio\2017\Community\Common7\IDE\Extensions\TestPlatform\Microsoft.TestPlatform.PlatformAbstractions.dll</ModulePath>
      <ModuleTime>2018-09-24T06:37:21.5047122Z</ModuleTime>
      <ModuleName>Microsoft.TestPlatform.PlatformAbstractions</ModuleName>
      <Classes />
    </Module>
    <Module skippedDueTo="Filter" hash="F2-26-5B-FA-55-E9-5B-BC-DD-3A-32-56-2C-38-71-11-1A-8E-6D-32">
      <ModulePath>C:\WINDOWS\Microsoft.Net\assembly\GAC_MSIL\System.Xml\v4.0_4.0.0.0__b77a5c561934e089\System.Xml.dll</ModulePath>
      <ModuleTime>2018-04-11T23:35:17.0290261Z</ModuleTime>
      <ModuleName>System.Xml</ModuleName>
      <Classes />
    </Module>
    <Module skippedDueTo="Filter" hash="33-56-B1-17-80-A6-AB-B9-BB-55-98-0E-59-4F-65-9E-16-CF-71-DE">
      <ModulePath>C:\Program Files (x86)\Microsoft Visual Studio\2017\Community\Common7\IDE\Extensions\TestPlatform\Microsoft.TestPlatform.Utilities.dll</ModulePath>
      <ModuleTime>2018-09-24T06:37:21.5047122Z</ModuleTime>
      <ModuleName>Microsoft.TestPlatform.Utilities</ModuleName>
      <Classes />
    </Module>
    <Module skippedDueTo="Filter" hash="2A-F4-1C-14-5D-7A-74-B3-03-8B-1D-2A-59-DC-B6-BE-1D-C8-EF-54">
      <ModulePath>C:\WINDOWS\Microsoft.Net\assembly\GAC_MSIL\System.Configuration\v4.0_4.0.0.0__b03f5f7f11d50a3a\System.Configuration.dll</ModulePath>
      <ModuleTime>2018-04-11T23:35:16.9508953Z</ModuleTime>
      <ModuleName>System.Configuration</ModuleName>
      <Classes />
    </Module>
    <Module skippedDueTo="Filter" hash="C3-35-A9-06-AC-22-F7-86-70-9B-D5-E1-5E-33-7A-FB-CC-11-9F-E7">
      <ModulePath>C:\Program Files (x86)\Microsoft Visual Studio\2017\Community\Common7\IDE\Extensions\TestPlatform\Microsoft.TestPlatform.CrossPlatEngine.dll</ModulePath>
      <ModuleTime>2018-09-24T06:37:21.5047122Z</ModuleTime>
      <ModuleName>Microsoft.TestPlatform.CrossPlatEngine</ModuleName>
      <Classes />
    </Module>
    <Module skippedDueTo="Filter" hash="71-C1-7F-AB-9A-C2-9C-16-19-B9-17-D8-2C-82-92-BF-AF-45-9C-E8">
      <ModulePath>C:\Program Files (x86)\Microsoft Visual Studio\2017\Community\Common7\IDE\Extensions\TestPlatform\Extensions\Microsoft.TestPlatform.Extensions.BlameDataCollector.dll</ModulePath>
      <ModuleTime>2018-09-24T06:37:21.5047122Z</ModuleTime>
      <ModuleName>Microsoft.TestPlatform.Extensions.BlameDataCollector</ModuleName>
      <Classes />
    </Module>
    <Module skippedDueTo="Filter" hash="8E-44-CC-3A-84-B7-A1-24-B1-4B-C9-E7-62-E3-BB-D7-3B-4E-C1-B6">
      <ModulePath>C:\Program Files (x86)\Microsoft Visual Studio\2017\Community\Common7\IDE\Extensions\TestPlatform\Extensions\Microsoft.TestPlatform.Extensions.EventLogCollector.dll</ModulePath>
      <ModuleTime>2018-09-24T06:37:21.5047122Z</ModuleTime>
      <ModuleName>Microsoft.TestPlatform.Extensions.EventLogCollector</ModuleName>
      <Classes />
    </Module>
    <Module skippedDueTo="Filter" hash="C4-C4-2C-2F-E3-10-7D-18-4B-53-DA-3A-DA-71-BB-1B-60-1B-70-93">
      <ModulePath>C:\Program Files (x86)\Microsoft Visual Studio\2017\Community\Common7\IDE\Extensions\TestPlatform\Extensions\Microsoft.TestPlatform.TestHostRuntimeProvider.dll</ModulePath>
      <ModuleTime>2018-09-24T06:37:21.5047122Z</ModuleTime>
      <ModuleName>Microsoft.TestPlatform.TestHostRuntimeProvider</ModuleName>
      <Classes />
    </Module>
    <Module skippedDueTo="Filter" hash="C2-DB-57-F7-50-B2-1E-38-93-84-80-58-0A-80-AA-3F-3B-C9-9E-61">
      <ModulePath>C:\Program Files (x86)\Microsoft Visual Studio\2017\Community\Common7\IDE\Extensions\TestPlatform\Extensions\Microsoft.VisualStudio.TestPlatform.Extensions.CodedWebTestAdapter.dll</ModulePath>
      <ModuleTime>2018-09-24T06:37:21.5047122Z</ModuleTime>
      <ModuleName>Microsoft.VisualStudio.TestPlatform.Extensions.CodedWebTestAdapter</ModuleName>
      <Classes />
    </Module>
    <Module skippedDueTo="Filter" hash="F1-6D-C1-3F-0F-18-3E-4E-9F-CE-2A-37-F2-E9-57-05-A9-99-AC-7E">
      <ModulePath>C:\Program Files (x86)\Microsoft Visual Studio\2017\Community\Common7\IDE\Extensions\TestPlatform\Extensions\Microsoft.VisualStudio.TestPlatform.Extensions.TmiAdapter.dll</ModulePath>
      <ModuleTime>2018-09-24T06:37:21.5047122Z</ModuleTime>
      <ModuleName>Microsoft.VisualStudio.TestPlatform.Extensions.TmiAdapter</ModuleName>
      <Classes />
    </Module>
    <Module skippedDueTo="Filter" hash="37-A8-55-F2-CE-4E-22-F4-32-B8-F8-E7-F6-D9-A6-40-D7-BF-44-DD">
      <ModulePath>C:\Program Files (x86)\Microsoft Visual Studio\2017\Community\Common7\IDE\Extensions\TestPlatform\Microsoft.VisualStudio.QualityTools.Common.dll</ModulePath>
      <ModuleTime>2018-09-24T06:37:21.5047122Z</ModuleTime>
      <ModuleName>Microsoft.VisualStudio.QualityTools.Common</ModuleName>
      <Classes />
    </Module>
    <Module skippedDueTo="Filter" hash="02-BC-E3-E3-AD-60-EA-F1-B9-A5-D9-07-88-35-C8-45-54-2D-E6-7D">
      <ModulePath>C:\Program Files (x86)\Microsoft Visual Studio\2017\Community\Common7\IDE\Extensions\TestPlatform\Extensions\Microsoft.VisualStudio.TestPlatform.Extensions.GenericTestAdapter.dll</ModulePath>
      <ModuleTime>2018-09-24T06:37:21.5047122Z</ModuleTime>
      <ModuleName>Microsoft.VisualStudio.TestPlatform.Extensions.GenericTestAdapter</ModuleName>
      <Classes />
    </Module>
    <Module skippedDueTo="Filter" hash="7A-83-1A-2B-22-AF-71-58-DE-50-7C-BA-2D-1E-89-7E-B1-61-7C-FB">
      <ModulePath>C:\Program Files (x86)\Microsoft Visual Studio\2017\Community\Common7\IDE\Extensions\TestPlatform\Extensions\Microsoft.VisualStudio.TestPlatform.Extensions.OrderedTestAdapter.dll</ModulePath>
      <ModuleTime>2018-09-24T06:37:21.5047122Z</ModuleTime>
      <ModuleName>Microsoft.VisualStudio.TestPlatform.Extensions.OrderedTestAdapter</ModuleName>
      <Classes />
    </Module>
    <Module skippedDueTo="Filter" hash="A4-28-17-EB-B6-3D-37-78-C1-B4-34-17-70-DC-45-69-BA-4D-D0-78">
      <ModulePath>C:\Program Files (x86)\Microsoft Visual Studio\2017\Community\Common7\IDE\Extensions\TestPlatform\Extensions\Microsoft.VisualStudio.TestPlatform.Extensions.Trx.TestLogger.dll</ModulePath>
      <ModuleTime>2018-09-24T06:37:21.5047122Z</ModuleTime>
      <ModuleName>Microsoft.VisualStudio.TestPlatform.Extensions.Trx.TestLogger</ModuleName>
      <Classes />
    </Module>
    <Module skippedDueTo="Filter" hash="96-64-E1-45-83-51-90-AF-5E-EE-09-BC-84-C5-B9-D7-C0-BE-11-7E">
      <ModulePath>C:\Program Files (x86)\Microsoft Visual Studio\2017\Community\Common7\IDE\Extensions\TestPlatform\Extensions\Microsoft.VisualStudio.TestPlatform.Extensions.VSTestIntegration.dll</ModulePath>
      <ModuleTime>2018-09-24T06:37:21.5047122Z</ModuleTime>
      <ModuleName>Microsoft.VisualStudio.TestPlatform.Extensions.VSTestIntegration</ModuleName>
      <Classes />
    </Module>
    <Module skippedDueTo="Filter" hash="C8-3A-41-D7-09-CD-46-03-34-ED-CC-45-80-CD-E2-EE-A0-CB-77-E0">
      <ModulePath>C:\Program Files (x86)\Microsoft Visual Studio\2017\Community\Common7\IDE\Extensions\TestPlatform\Microsoft.VisualStudio.QualityTools.UnitTestFramework.dll</ModulePath>
      <ModuleTime>2018-09-24T06:37:21.5047122Z</ModuleTime>
      <ModuleName>Microsoft.VisualStudio.QualityTools.UnitTestFramework</ModuleName>
      <Classes />
    </Module>
    <Module skippedDueTo="Filter" hash="5E-75-B0-04-A5-00-F6-29-47-79-54-D4-62-D3-B2-94-D5-05-11-E1">
      <ModulePath>C:\WINDOWS\Microsoft.Net\assembly\GAC_32\System.Data\v4.0_4.0.0.0__b77a5c561934e089\System.Data.dll</ModulePath>
      <ModuleTime>2018-09-21T11:57:53.2079891Z</ModuleTime>
      <ModuleName>System.Data</ModuleName>
      <Classes />
    </Module>
    <Module skippedDueTo="Filter" hash="67-E6-B1-AA-8A-95-A9-9A-FA-8D-13-0A-58-46-54-46-FB-94-B4-E5">
      <ModulePath>C:\Program Files (x86)\Microsoft Visual Studio\2017\Community\Common7\IDE\Extensions\TestPlatform\Extensions\Microsoft.VisualStudio.TestPlatform.Extensions.WebTestAdapter.dll</ModulePath>
      <ModuleTime>2018-09-24T06:37:21.5047122Z</ModuleTime>
      <ModuleName>Microsoft.VisualStudio.TestPlatform.Extensions.WebTestAdapter</ModuleName>
      <Classes />
    </Module>
    <Module skippedDueTo="Filter" hash="59-CA-45-36-9A-7C-27-D2-4A-4D-ED-5E-A1-34-41-51-B8-C0-C8-F9">
      <ModulePath>C:\Program Files (x86)\Microsoft Visual Studio\2017\Community\Common7\IDE\Extensions\TestPlatform\Extensions\Microsoft.VisualStudio.TestTools.CppUnitTestFramework.ComInterfaces.dll</ModulePath>
      <ModuleTime>2018-09-24T06:37:21.5047122Z</ModuleTime>
      <ModuleName>Microsoft.VisualStudio.TestTools.CppUnitTestFramework.ComInterfaces</ModuleName>
      <Classes />
    </Module>
    <Module skippedDueTo="Filter" hash="EE-3E-97-E7-E5-4D-5C-91-62-C8-CE-55-BF-9A-F1-89-5D-82-F8-C0">
      <ModulePath>C:\Program Files (x86)\Microsoft Visual Studio\2017\Community\Common7\IDE\Extensions\TestPlatform\Extensions\Microsoft.VisualStudio.TestTools.CppUnitTestFramework.CppUnitTestExtension.dll</ModulePath>
      <ModuleTime>2018-09-24T06:37:21.5047122Z</ModuleTime>
      <ModuleName>Microsoft.VisualStudio.TestTools.CppUnitTestFramework.CppUnitTestExtension</ModuleName>
      <Classes />
    </Module>
    <Module skippedDueTo="Filter" hash="DE-AD-F8-A7-5B-A6-B2-20-83-FF-43-4C-BD-0C-B8-97-E8-1A-31-09">
      <ModulePath>C:\Program Files (x86)\Microsoft Visual Studio\2017\Community\Common7\IDE\Extensions\TestPlatform\Extensions\Microsoft.VisualStudio.TestTools.DataCollection.MediaRecorder.Model.dll</ModulePath>
      <ModuleTime>2018-09-24T06:37:21.5047122Z</ModuleTime>
      <ModuleName>Microsoft.VisualStudio.TestTools.DataCollection.MediaRecorder.Model</ModuleName>
      <Classes />
    </Module>
    <Module skippedDueTo="Filter" hash="DB-63-2E-94-89-FF-65-9C-6E-56-44-F9-02-E9-48-F0-0D-F4-C3-BE">
      <ModulePath>C:\Program Files (x86)\Microsoft Visual Studio\2017\Community\Common7\IDE\Extensions\TestPlatform\Extensions\Microsoft.VisualStudio.TestTools.DataCollection.VideoRecorderCollector.dll</ModulePath>
      <ModuleTime>2018-09-24T06:37:21.5047122Z</ModuleTime>
      <ModuleName>Microsoft.VisualStudio.TestTools.DataCollection.VideoRecorderCollector</ModuleName>
      <Classes />
    </Module>
    <Module skippedDueTo="Filter" hash="BC-A1-30-20-B3-AA-35-97-7A-BB-96-A5-F7-7D-38-CD-FA-68-2D-98">
      <ModulePath>C:\Program Files (x86)\Microsoft Visual Studio\2017\Community\Common7\IDE\Extensions\TestPlatform\Extensions\Microsoft.VisualStudio.TraceDataCollector.dll</ModulePath>
      <ModuleTime>2018-09-24T06:37:21.5047122Z</ModuleTime>
      <ModuleName>Microsoft.VisualStudio.TraceDataCollector</ModuleName>
      <Classes />
    </Module>
    <Module skippedDueTo="Filter" hash="1C-DA-AB-10-50-27-F0-09-E2-42-3A-D9-73-AF-7A-F6-5A-53-2B-83">
      <ModulePath>C:\Program Files (x86)\Microsoft Visual Studio\2017\Community\Common7\IDE\Extensions\TestPlatform\Microsoft.VisualStudio.ArchitectureTools.PEReader.dll</ModulePath>
      <ModuleTime>2018-09-24T06:37:21.5047122Z</ModuleTime>
      <ModuleName>Microsoft.VisualStudio.ArchitectureTools.PEReader</ModuleName>
      <Classes />
    </Module>
    <Module skippedDueTo="Filter" hash="20-E8-10-CB-98-99-87-05-0F-6F-62-47-86-5B-0A-6A-60-4D-6E-9A">
      <ModulePath>C:\Program Files (x86)\Microsoft Visual Studio\2017\Community\Common7\IDE\Extensions\TestPlatform\Microsoft.IntelliTrace.Core.dll</ModulePath>
      <ModuleTime>2018-09-24T06:37:21.5047122Z</ModuleTime>
      <ModuleName>Microsoft.IntelliTrace.Core</ModuleName>
      <Classes />
    </Module>
    <Module skippedDueTo="Filter" hash="A3-00-BC-74-ED-0E-A0-B7-23-F8-72-17-82-88-BD-BE-64-2F-02-47">
      <ModulePath>C:\Program Files (x86)\Microsoft Visual Studio\2017\Community\Common7\IDE\Extensions\TestPlatform\System.Reflection.Metadata.dll</ModulePath>
      <ModuleTime>2018-09-24T06:37:21.5047122Z</ModuleTime>
      <ModuleName>System.Reflection.Metadata</ModuleName>
      <Classes />
    </Module>
    <Module skippedDueTo="Filter" hash="F1-67-10-FE-CA-06-2B-45-18-C0-DB-E8-DB-07-A4-7E-5B-25-BD-51">
      <ModulePath>C:\WINDOWS\Microsoft.Net\assembly\GAC_MSIL\System.Runtime\v4.0_4.0.0.0__b03f5f7f11d50a3a\System.Runtime.dll</ModulePath>
      <ModuleTime>2018-04-11T23:35:18.1697369Z</ModuleTime>
      <ModuleName>System.Runtime</ModuleName>
      <Classes />
    </Module>
    <Module skippedDueTo="Filter" hash="48-9C-62-AC-2C-9E-AF-3D-29-AE-01-7A-58-E0-62-5E-2B-10-07-83">
      <ModulePath>C:\WINDOWS\Microsoft.Net\assembly\GAC_MSIL\System.IO\v4.0_4.0.0.0__b03f5f7f11d50a3a\System.IO.dll</ModulePath>
      <ModuleTime>2018-04-11T23:35:19.6698491Z</ModuleTime>
      <ModuleName>System.IO</ModuleName>
      <Classes />
    </Module>
    <Module skippedDueTo="Filter" hash="43-EF-7F-ED-6A-8A-CB-EB-8B-00-F6-84-87-4D-29-32-6A-32-D6-B4">
      <ModulePath>C:\Program Files (x86)\Microsoft Visual Studio\2017\Community\Common7\IDE\Extensions\TestPlatform\System.Collections.Immutable.dll</ModulePath>
      <ModuleTime>2018-09-24T06:37:21.5047122Z</ModuleTime>
      <ModuleName>System.Collections.Immutable</ModuleName>
      <Classes />
    </Module>
    <Module skippedDueTo="Filter" hash="09-61-C1-AD-F8-B2-1F-FC-E2-68-2C-0B-39-0A-BF-03-BB-AF-01-9D">
      <ModulePath>C:\WINDOWS\Microsoft.Net\assembly\GAC_MSIL\System.Reflection\v4.0_4.0.0.0__b03f5f7f11d50a3a\System.Reflection.dll</ModulePath>
      <ModuleTime>2018-04-11T23:35:16.872764Z</ModuleTime>
      <ModuleName>System.Reflection</ModuleName>
      <Classes />
    </Module>
    <Module skippedDueTo="Filter" hash="42-7B-A1-41-28-72-72-CF-95-80-15-80-A7-86-0F-09-84-FD-AD-60">
      <ModulePath>C:\WINDOWS\Microsoft.Net\assembly\GAC_MSIL\System.IO.FileSystem\v4.0_4.0.0.0__b03f5f7f11d50a3a\System.IO.FileSystem.dll</ModulePath>
      <ModuleTime>2018-04-11T23:35:18.1541107Z</ModuleTime>
      <ModuleName>System.IO.FileSystem</ModuleName>
      <Classes />
    </Module>
    <Module skippedDueTo="Filter" hash="6E-CA-0A-38-28-57-A1-35-21-AE-98-C2-2C-3C-9E-C3-1D-A2-56-91">
      <ModulePath>C:\WINDOWS\Microsoft.Net\assembly\GAC_MSIL\System.IO.MemoryMappedFiles\v4.0_4.0.0.0__b03f5f7f11d50a3a\System.IO.MemoryMappedFiles.dll</ModulePath>
      <ModuleTime>2018-04-11T23:35:15.6695494Z</ModuleTime>
      <ModuleName>System.IO.MemoryMappedFiles</ModuleName>
      <Classes />
    </Module>
    <Module skippedDueTo="Filter" hash="8B-72-1B-8D-0D-EC-7F-51-BC-65-96-C3-C2-6C-9E-A7-28-55-88-DE">
      <ModulePath>C:\WINDOWS\Microsoft.Net\assembly\GAC_MSIL\System.Runtime.Handles\v4.0_4.0.0.0__b03f5f7f11d50a3a\System.Runtime.Handles.dll</ModulePath>
      <ModuleTime>2018-04-11T23:35:15.7008013Z</ModuleTime>
      <ModuleName>System.Runtime.Handles</ModuleName>
      <Classes />
    </Module>
    <Module skippedDueTo="Filter" hash="BB-F2-F0-0B-65-C1-D4-87-F6-EA-BD-45-FB-BF-60-6F-6C-D5-9D-9F">
      <ModulePath>C:\WINDOWS\Microsoft.Net\assembly\GAC_MSIL\System.Reflection.Extensions\v4.0_4.0.0.0__b03f5f7f11d50a3a\System.Reflection.Extensions.dll</ModulePath>
      <ModuleTime>2018-04-11T23:35:18.2322412Z</ModuleTime>
      <ModuleName>System.Reflection.Extensions</ModuleName>
      <Classes />
    </Module>
    <Module skippedDueTo="Filter" hash="1A-66-B3-AD-A9-11-BD-99-FC-2D-BE-15-FF-EC-97-E7-14-44-10-1E">
      <ModulePath>C:\WINDOWS\Microsoft.Net\assembly\GAC_MSIL\System.Threading\v4.0_4.0.0.0__b03f5f7f11d50a3a\System.Threading.dll</ModulePath>
      <ModuleTime>2018-04-11T23:35:16.9352691Z</ModuleTime>
      <ModuleName>System.Threading</ModuleName>
      <Classes />
    </Module>
    <Module skippedDueTo="Filter" hash="8E-4C-6F-82-33-1E-54-34-FE-06-78-3D-39-39-2F-56-A9-C0-57-D4">
      <ModulePath>C:\WINDOWS\Microsoft.Net\assembly\GAC_MSIL\System.Text.Encoding\v4.0_4.0.0.0__b03f5f7f11d50a3a\System.Text.Encoding.dll</ModulePath>
      <ModuleTime>2018-04-11T23:35:18.185363Z</ModuleTime>
      <ModuleName>System.Text.Encoding</ModuleName>
      <Classes />
    </Module>
    <Module skippedDueTo="Filter" hash="64-2B-2F-6C-93-40-15-B2-C2-09-53-6D-83-6E-09-18-65-28-04-7B">
      <ModulePath>C:\WINDOWS\Microsoft.Net\assembly\GAC_MSIL\System.Runtime.Extensions\v4.0_4.0.0.0__b03f5f7f11d50a3a\System.Runtime.Extensions.dll</ModulePath>
      <ModuleTime>2018-04-11T23:35:17.0759046Z</ModuleTime>
      <ModuleName>System.Runtime.Extensions</ModuleName>
      <Classes />
    </Module>
    <Module skippedDueTo="Filter" hash="03-A0-32-45-29-F9-0C-75-3A-D7-2C-B6-3B-BC-61-31-33-D2-ED-FF">
      <ModulePath>C:\WINDOWS\Microsoft.Net\assembly\GAC_MSIL\System.Runtime.InteropServices\v4.0_4.0.0.0__b03f5f7f11d50a3a\System.Runtime.InteropServices.dll</ModulePath>
      <ModuleTime>2018-04-11T23:35:18.1697369Z</ModuleTime>
      <ModuleName>System.Runtime.InteropServices</ModuleName>
      <Classes />
    </Module>
    <Module skippedDueTo="Filter" hash="32-97-0E-D1-77-6F-58-6A-1C-BF-D3-28-3E-90-68-C3-63-31-BB-69">
      <ModulePath>C:\WINDOWS\Microsoft.Net\assembly\GAC_MSIL\System.Text.Encoding.Extensions\v4.0_4.0.0.0__b03f5f7f11d50a3a\System.Text.Encoding.Extensions.dll</ModulePath>
      <ModuleTime>2018-04-11T23:35:19.7167272Z</ModuleTime>
      <ModuleName>System.Text.Encoding.Extensions</ModuleName>
      <Classes />
    </Module>
    <Module skippedDueTo="Filter" hash="12-92-22-4F-A9-EB-1D-D3-CC-A6-7C-E7-B7-8F-BB-09-EE-B8-FB-DF">
      <ModulePath>C:\Program Files (x86)\Microsoft Visual Studio\2017\Community\Common7\IDE\Extensions\TestPlatform\Microsoft.VisualStudio.TestPlatform.Fakes.dll</ModulePath>
      <ModuleTime>2018-09-24T06:37:21.5047122Z</ModuleTime>
      <ModuleName>Microsoft.VisualStudio.TestPlatform.Fakes</ModuleName>
      <Classes />
    </Module>
    <Module skippedDueTo="Filter" hash="F1-95-EC-F7-1C-8F-EC-9F-E9-4F-17-3E-0F-71-99-0B-BE-BD-40-6A">
      <ModulePath>C:\Program Files (x86)\Microsoft Visual Studio\2017\Community\Common7\IDE\Extensions\TestPlatform\Microsoft.TestPlatform.CommunicationUtilities.dll</ModulePath>
      <ModuleTime>2018-09-24T06:37:21.5047122Z</ModuleTime>
      <ModuleName>Microsoft.TestPlatform.CommunicationUtilities</ModuleName>
      <Classes />
    </Module>
    <Module skippedDueTo="Filter" hash="6B-0D-A7-56-17-A2-26-94-93-DC-1A-68-5D-7A-0B-07-F2-E4-8C-75">
      <ModulePath>C:\Program Files (x86)\Microsoft Visual Studio\2017\Community\Common7\IDE\Extensions\TestPlatform\Newtonsoft.Json.dll</ModulePath>
      <ModuleTime>2018-09-24T06:37:21.5047122Z</ModuleTime>
      <ModuleName>Newtonsoft.Json</ModuleName>
      <Classes />
    </Module>
    <Module skippedDueTo="Filter" hash="67-97-99-39-84-F7-16-4E-E7-62-EA-DC-7C-83-21-8F-A9-D9-A1-A0">
      <ModulePath>C:\Users\magnusl\source\repos\UnitTestExamplesMsTest\UnitTestExamplesMsTest\bin\Debug\Microsoft.VisualStudio.TestPlatform.MSTest.TestAdapter.dll</ModulePath>
      <ModuleTime>2018-06-05T10:51:36Z</ModuleTime>
      <ModuleName>Microsoft.VisualStudio.TestPlatform.MSTest.TestAdapter</ModuleName>
      <Classes />
    </Module>
    <Module skippedDueTo="Filter" hash="44-8F-EE-BC-56-83-22-04-15-20-82-7D-BF-FA-A8-E8-9C-33-D9-E8">
      <ModulePath>C:\Users\magnusl\source\repos\UnitTestExamplesMsTest\UnitTestExamplesMsTest\bin\Debug\Microsoft.VisualStudio.TestPlatform.TestFramework.dll</ModulePath>
      <ModuleTime>2018-06-05T10:47:02Z</ModuleTime>
      <ModuleName>Microsoft.VisualStudio.TestPlatform.TestFramework</ModuleName>
      <Classes />
    </Module>
    <Module skippedDueTo="Filter" hash="6F-CB-80-19-07-E6-7F-D6-F9-1D-EB-CD-AD-79-88-FA-B9-E8-91-A5">
      <ModulePath>C:\Users\magnusl\source\repos\UnitTestExamplesMsTest\UnitTestExamplesMsTest\bin\Debug\Microsoft.VisualStudio.TestPlatform.MSTestAdapter.PlatformServices.Interface.dll</ModulePath>
      <ModuleTime>2018-06-05T10:50:06Z</ModuleTime>
      <ModuleName>Microsoft.VisualStudio.TestPlatform.MSTestAdapter.PlatformServices.Interface</ModuleName>
      <Classes />
    </Module>
    <Module skippedDueTo="Filter" hash="4D-AE-CD-82-E0-4B-E2-0F-CA-8E-B6-ED-56-65-84-57-EF-28-68-42">
      <ModulePath>C:\Users\magnusl\source\repos\UnitTestExamplesMsTest\UnitTestExamplesMsTest\bin\Debug\Microsoft.VisualStudio.TestPlatform.MSTestAdapter.PlatformServices.dll</ModulePath>
      <ModuleTime>2018-06-05T10:54:38Z</ModuleTime>
      <ModuleName>Microsoft.VisualStudio.TestPlatform.MSTestAdapter.PlatformServices</ModuleName>
      <Classes />
    </Module>
    <Module skippedDueTo="Filter" hash="14-E0-92-A3-E6-55-AD-34-4C-1F-68-AA-11-7F-12-68-BE-ED-46-45">
      <ModulePath>C:\WINDOWS\Microsoft.Net\assembly\GAC_MSIL\System.ComponentModel.Composition\v4.0_4.0.0.0__b77a5c561934e089\System.ComponentModel.Composition.dll</ModulePath>
      <ModuleTime>2018-04-11T23:35:18.1697369Z</ModuleTime>
      <ModuleName>System.ComponentModel.Composition</ModuleName>
      <Classes />
    </Module>
    <Module skippedDueTo="Filter" hash="26-E0-34-D3-A9-C4-33-7A-2B-12-1B-03-1E-48-23-95-AB-44-04-80">
      <ModulePath>C:\WINDOWS\Microsoft.Net\assembly\GAC_MSIL\System.Collections\v4.0_4.0.0.0__b03f5f7f11d50a3a\System.Collections.dll</ModulePath>
      <ModuleTime>2018-04-11T23:35:19.74798Z</ModuleTime>
      <ModuleName>System.Collections</ModuleName>
      <Classes />
    </Module>
    <Module skippedDueTo="Filter" hash="A9-83-11-F0-BE-0C-4A-A2-E7-49-98-89-7D-9D-A5-9B-BA-83-BA-E0">
      <ModulePath>C:\WINDOWS\Microsoft.Net\assembly\GAC_MSIL\System.Linq\v4.0_4.0.0.0__b03f5f7f11d50a3a\System.Linq.dll</ModulePath>
      <ModuleTime>2018-04-11T23:35:18.2634939Z</ModuleTime>
      <ModuleName>System.Linq</ModuleName>
      <Classes />
    </Module>
    <Module skippedDueTo="Filter" hash="8B-37-83-77-E7-CC-0E-BF-47-EC-D6-70-8E-BB-02-E1-8D-DE-5B-56">
      <ModulePath>C:\WINDOWS\Microsoft.Net\assembly\GAC_MSIL\System.Xml.ReaderWriter\v4.0_4.0.0.0__b03f5f7f11d50a3a\System.Xml.ReaderWriter.dll</ModulePath>
      <ModuleTime>2018-04-11T23:35:19.7167272Z</ModuleTime>
      <ModuleName>System.Xml.ReaderWriter</ModuleName>
      <Classes />
    </Module>
    <Module skippedDueTo="Filter" hash="53-5B-D3-B4-4D-9B-1F-60-BD-F6-87-AD-11-54-A8-5B-62-DA-87-72">
      <ModulePath>C:\WINDOWS\Microsoft.Net\assembly\GAC_MSIL\System.Xml.XDocument\v4.0_4.0.0.0__b03f5f7f11d50a3a\System.Xml.XDocument.dll</ModulePath>
      <ModuleTime>2018-04-11T23:35:16.888391Z</ModuleTime>
      <ModuleName>System.Xml.XDocument</ModuleName>
      <Classes />
    </Module>
    <Module skippedDueTo="Filter" hash="EE-87-E3-8B-35-D7-7B-51-75-59-60-AC-9C-42-7D-75-33-40-43-72">
      <ModulePath>C:\WINDOWS\Microsoft.Net\assembly\GAC_MSIL\System.Xml.Linq\v4.0_4.0.0.0__b77a5c561934e089\System.Xml.Linq.dll</ModulePath>
      <ModuleTime>2018-04-11T23:35:18.3885028Z</ModuleTime>
      <ModuleName>System.Xml.Linq</ModuleName>
      <Classes />
    </Module>
    <Module skippedDueTo="Filter" hash="97-4E-47-34-9D-AF-66-79-B5-C7-38-EF-A8-2A-96-D5-2D-6C-46-7E">
      <ModulePath>C:\WINDOWS\Microsoft.Net\assembly\GAC_MSIL\System.Globalization\v4.0_4.0.0.0__b03f5f7f11d50a3a\System.Globalization.dll</ModulePath>
      <ModuleTime>2018-04-11T23:35:19.7948581Z</ModuleTime>
      <ModuleName>System.Globalization</ModuleName>
      <Classes />
    </Module>
    <Module skippedDueTo="Filter" hash="E2-9B-76-52-06-68-31-0A-F2-13-8D-E5-66-4B-CB-72-54-F5-25-91">
      <ModulePath>C:\Program Files (x86)\Microsoft Visual Studio\2017\Community\Common7\IDE\Extensions\TestPlatform\Microsoft.VisualStudio.TestPlatform.ObjectModel.dll</ModulePath>
      <ModuleTime>2018-09-24T06:37:21.5047122Z</ModuleTime>
      <ModuleName>Microsoft.VisualStudio.TestPlatform.ObjectModel</ModuleName>
      <Classes />
    </Module>
    <Module skippedDueTo="Filter" hash="96-37-1B-D0-62-C2-CB-6E-36-7C-B5-3D-9B-11-64-B6-87-6D-30-8D">
      <ModulePath>C:\Users\magnusl\source\repos\UnitTestExamplesMsTest\UnitTestExamplesMsTest\bin\Debug\UnitTestExamplesMsTest.dll</ModulePath>
      <ModuleTime>2018-09-26T08:25:59.3169644Z</ModuleTime>
      <ModuleName>UnitTestExamplesMsTest</ModuleName>
      <Classes />
    </Module>
    <Module skippedDueTo="Filter" hash="7F-EE-8E-97-FA-E2-59-75-F0-CF-46-F0-A9-DD-9B-6C-27-65-2E-71">
      <ModulePath>C:\Program Files (x86)\Microsoft Visual Studio\2017\Community\Common7\IDE\Extensions\TestPlatform\Microsoft.TestPlatform.PlatformAbstractions.dll</ModulePath>
      <ModuleTime>2018-09-24T06:37:21.5047122Z</ModuleTime>
      <ModuleName>Microsoft.TestPlatform.PlatformAbstractions</ModuleName>
      <Classes />
    </Module>
    <Module skippedDueTo="Filter" hash="4D-AE-CD-82-E0-4B-E2-0F-CA-8E-B6-ED-56-65-84-57-EF-28-68-42">
      <ModulePath>C:\Users\magnusl\source\repos\UnitTestExamplesMsTest\UnitTestExamplesMsTest\bin\Debug\Microsoft.VisualStudio.TestPlatform.MSTestAdapter.PlatformServices.dll</ModulePath>
      <ModuleTime>2018-06-05T10:54:38Z</ModuleTime>
      <ModuleName>Microsoft.VisualStudio.TestPlatform.MSTestAdapter.PlatformServices</ModuleName>
      <Classes />
    </Module>
    <Module skippedDueTo="Filter" hash="15-D0-15-0C-5E-E2-28-17-A6-8D-81-2C-84-14-48-1F-8F-3D-9C-8E">
      <ModulePath>C:\Program Files (x86)\Microsoft Visual Studio\2017\Community\Common7\IDE\CommonExtensions\Microsoft\TestWindow\Microsoft.VisualStudio.TestPlatform.ObjectModel.dll</ModulePath>
      <ModuleTime>2018-09-24T06:37:21.5047122Z</ModuleTime>
      <ModuleName>Microsoft.VisualStudio.TestPlatform.ObjectModel</ModuleName>
      <Classes />
    </Module>
    <Module skippedDueTo="Filter" hash="96-37-1B-D0-62-C2-CB-6E-36-7C-B5-3D-9B-11-64-B6-87-6D-30-8D">
      <ModulePath>C:\Users\magnusl\source\repos\UnitTestExamplesMsTest\UnitTestExamplesMsTest\bin\Debug\UnitTestExamplesMsTest.dll</ModulePath>
      <ModuleTime>2018-09-26T08:25:59.3169644Z</ModuleTime>
      <ModuleName>UnitTestExamplesMsTest</ModuleName>
      <Classes />
    </Module>
    <Module skippedDueTo="Filter" hash="7F-EE-8E-97-FA-E2-59-75-F0-CF-46-F0-A9-DD-9B-6C-27-65-2E-71">
      <ModulePath>C:\Program Files (x86)\Microsoft Visual Studio\2017\Community\Common7\IDE\Extensions\TestPlatform\Microsoft.TestPlatform.PlatformAbstractions.dll</ModulePath>
      <ModuleTime>2018-09-24T06:37:21.5047122Z</ModuleTime>
      <ModuleName>Microsoft.TestPlatform.PlatformAbstractions</ModuleName>
      <Classes />
    </Module>
    <Module skippedDueTo="Filter" hash="4D-AE-CD-82-E0-4B-E2-0F-CA-8E-B6-ED-56-65-84-57-EF-28-68-42">
      <ModulePath>C:\Users\magnusl\source\repos\UnitTestExamplesMsTest\UnitTestExamplesMsTest\bin\Debug\Microsoft.VisualStudio.TestPlatform.MSTestAdapter.PlatformServices.dll</ModulePath>
      <ModuleTime>2018-06-05T10:54:38Z</ModuleTime>
      <ModuleName>Microsoft.VisualStudio.TestPlatform.MSTestAdapter.PlatformServices</ModuleName>
      <Classes />
    </Module>
    <Module skippedDueTo="Filter" hash="67-97-99-39-84-F7-16-4E-E7-62-EA-DC-7C-83-21-8F-A9-D9-A1-A0">
      <ModulePath>C:\Users\magnusl\source\repos\UnitTestExamplesMsTest\UnitTestExamplesMsTest\bin\Debug\Microsoft.VisualStudio.TestPlatform.MSTest.TestAdapter.dll</ModulePath>
      <ModuleTime>2018-06-05T10:51:36Z</ModuleTime>
      <ModuleName>Microsoft.VisualStudio.TestPlatform.MSTest.TestAdapter</ModuleName>
      <Classes />
    </Module>
    <Module skippedDueTo="Filter" hash="44-8F-EE-BC-56-83-22-04-15-20-82-7D-BF-FA-A8-E8-9C-33-D9-E8">
      <ModulePath>C:\Users\magnusl\source\repos\UnitTestExamplesMsTest\UnitTestExamplesMsTest\bin\Debug\Microsoft.VisualStudio.TestPlatform.TestFramework.dll</ModulePath>
      <ModuleTime>2018-06-05T10:47:02Z</ModuleTime>
      <ModuleName>Microsoft.VisualStudio.TestPlatform.TestFramework</ModuleName>
      <Classes />
    </Module>
    <Module skippedDueTo="Filter" hash="6F-CB-80-19-07-E6-7F-D6-F9-1D-EB-CD-AD-79-88-FA-B9-E8-91-A5">
      <ModulePath>C:\Users\magnusl\source\repos\UnitTestExamplesMsTest\UnitTestExamplesMsTest\bin\Debug\Microsoft.VisualStudio.TestPlatform.MSTestAdapter.PlatformServices.Interface.dll</ModulePath>
      <ModuleTime>2018-06-05T10:50:06Z</ModuleTime>
      <ModuleName>Microsoft.VisualStudio.TestPlatform.MSTestAdapter.PlatformServices.Interface</ModuleName>
      <Classes />
    </Module>
    <Module skippedDueTo="Filter" hash="96-37-1B-D0-62-C2-CB-6E-36-7C-B5-3D-9B-11-64-B6-87-6D-30-8D">
      <ModulePath>C:\Users\magnusl\source\repos\UnitTestExamplesMsTest\UnitTestExamplesMsTest\bin\Debug\UnitTestExamplesMsTest.dll</ModulePath>
      <ModuleTime>2018-09-26T08:25:59.3169644Z</ModuleTime>
      <ModuleName>UnitTestExamplesMsTest</ModuleName>
      <Classes />
    </Module>
    <Module skippedDueTo="Filter" hash="F4-54-C7-59-FD-61-E7-47-4E-0A-64-35-96-3E-28-5D-B6-8C-21-86">
      <ModulePath>C:\WINDOWS\Microsoft.Net\assembly\GAC_MSIL\System.Threading.Tasks\v4.0_4.0.0.0__b03f5f7f11d50a3a\System.Threading.Tasks.dll</ModulePath>
      <ModuleTime>2018-04-11T23:35:16.8102601Z</ModuleTime>
      <ModuleName>System.Threading.Tasks</ModuleName>
      <Classes />
    </Module>
    <Module skippedDueTo="Filter" hash="E2-9B-76-52-06-68-31-0A-F2-13-8D-E5-66-4B-CB-72-54-F5-25-91">
      <ModulePath>C:\Program Files (x86)\Microsoft Visual Studio\2017\Community\Common7\IDE\Extensions\TestPlatform\Microsoft.VisualStudio.TestPlatform.ObjectModel.dll</ModulePath>
      <ModuleTime>2018-09-24T06:37:21.5047122Z</ModuleTime>
      <ModuleName>Microsoft.VisualStudio.TestPlatform.ObjectModel</ModuleName>
      <Classes />
    </Module>
    <Module skippedDueTo="Filter" hash="A8-50-D9-1C-8B-DC-20-58-85-7A-3E-54-32-47-8A-0C-09-98-E9-26">
      <ModulePath>C:\Users\magnusl\source\repos\UnitTestExamplesMsTest\UnitTestExamplesMsTest\bin\Debug\Microsoft.VisualStudio.TestPlatform.TestFramework.Extensions.dll</ModulePath>
      <ModuleTime>2018-06-05T10:53:44Z</ModuleTime>
      <ModuleName>Microsoft.VisualStudio.TestPlatform.TestFramework.Extensions</ModuleName>
      <Classes />
    </Module>
    <Module skippedDueTo="Filter" hash="C4-7C-C3-38-36-0B-B8-36-6C-A0-A6-C1-5B-BD-AB-0E-53-93-02-31">
      <ModulePath>C:\WINDOWS\Microsoft.Net\assembly\GAC_MSIL\System.Runtime.Serialization\v4.0_4.0.0.0__b77a5c561934e089\System.Runtime.Serialization.dll</ModulePath>
      <ModuleTime>2018-09-21T11:57:53.4892891Z</ModuleTime>
      <ModuleName>System.Runtime.Serialization</ModuleName>
      <Classes />
    </Module>
    <Module skippedDueTo="Filter" hash="EE-67-0C-3B-AD-06-38-90-80-16-1E-4C-C1-C3-C7-D0-29-61-F0-0C">
      <ModulePath>C:\WINDOWS\Microsoft.Net\assembly\GAC_MSIL\System.Collections.Concurrent\v4.0_4.0.0.0__b03f5f7f11d50a3a\System.Collections.Concurrent.dll</ModulePath>
      <ModuleTime>2018-04-11T23:35:18.3728771Z</ModuleTime>
      <ModuleName>System.Collections.Concurrent</ModuleName>
      <Classes />
    </Module>
    <Module skippedDueTo="Filter" hash="7F-EE-8E-97-FA-E2-59-75-F0-CF-46-F0-A9-DD-9B-6C-27-65-2E-71">
      <ModulePath>C:\Program Files (x86)\Microsoft Visual Studio\2017\Community\Common7\IDE\Extensions\TestPlatform\Microsoft.TestPlatform.PlatformAbstractions.dll</ModulePath>
      <ModuleTime>2018-09-24T06:37:21.5047122Z</ModuleTime>
      <ModuleName>Microsoft.TestPlatform.PlatformAbstractions</ModuleName>
      <Classes />
    </Module>
    <Module skippedDueTo="Filter" hash="4D-AE-CD-82-E0-4B-E2-0F-CA-8E-B6-ED-56-65-84-57-EF-28-68-42">
      <ModulePath>C:\Users\magnusl\source\repos\UnitTestExamplesMsTest\UnitTestExamplesMsTest\bin\Debug\Microsoft.VisualStudio.TestPlatform.MSTestAdapter.PlatformServices.dll</ModulePath>
      <ModuleTime>2018-06-05T10:54:38Z</ModuleTime>
      <ModuleName>Microsoft.VisualStudio.TestPlatform.MSTestAdapter.PlatformServices</ModuleName>
      <Classes />
    </Module>
    <Module skippedDueTo="Filter" hash="15-D0-15-0C-5E-E2-28-17-A6-8D-81-2C-84-14-48-1F-8F-3D-9C-8E">
      <ModulePath>C:\Program Files (x86)\Microsoft Visual Studio\2017\Community\Common7\IDE\CommonExtensions\Microsoft\TestWindow\Microsoft.VisualStudio.TestPlatform.ObjectModel.dll</ModulePath>
      <ModuleTime>2018-09-24T06:37:21.5047122Z</ModuleTime>
      <ModuleName>Microsoft.VisualStudio.TestPlatform.ObjectModel</ModuleName>
      <Classes />
    </Module>
    <Module skippedDueTo="Filter" hash="96-37-1B-D0-62-C2-CB-6E-36-7C-B5-3D-9B-11-64-B6-87-6D-30-8D">
      <ModulePath>C:\Users\magnusl\source\repos\UnitTestExamplesMsTest\UnitTestExamplesMsTest\bin\Debug\UnitTestExamplesMsTest.dll</ModulePath>
      <ModuleTime>2018-09-26T08:25:59.3169644Z</ModuleTime>
      <ModuleName>UnitTestExamplesMsTest</ModuleName>
      <Classes />
    </Module>
    <Module skippedDueTo="Filter" hash="7F-EE-8E-97-FA-E2-59-75-F0-CF-46-F0-A9-DD-9B-6C-27-65-2E-71">
      <ModulePath>C:\Program Files (x86)\Microsoft Visual Studio\2017\Community\Common7\IDE\Extensions\TestPlatform\Microsoft.TestPlatform.PlatformAbstractions.dll</ModulePath>
      <ModuleTime>2018-09-24T06:37:21.5047122Z</ModuleTime>
      <ModuleName>Microsoft.TestPlatform.PlatformAbstractions</ModuleName>
      <Classes />
    </Module>
    <Module skippedDueTo="Filter" hash="4D-AE-CD-82-E0-4B-E2-0F-CA-8E-B6-ED-56-65-84-57-EF-28-68-42">
      <ModulePath>C:\Users\magnusl\source\repos\UnitTestExamplesMsTest\UnitTestExamplesMsTest\bin\Debug\Microsoft.VisualStudio.TestPlatform.MSTestAdapter.PlatformServices.dll</ModulePath>
      <ModuleTime>2018-06-05T10:54:38Z</ModuleTime>
      <ModuleName>Microsoft.VisualStudio.TestPlatform.MSTestAdapter.PlatformServices</ModuleName>
      <Classes />
    </Module>
    <Module skippedDueTo="Filter" hash="67-97-99-39-84-F7-16-4E-E7-62-EA-DC-7C-83-21-8F-A9-D9-A1-A0">
      <ModulePath>C:\Users\magnusl\source\repos\UnitTestExamplesMsTest\UnitTestExamplesMsTest\bin\Debug\Microsoft.VisualStudio.TestPlatform.MSTest.TestAdapter.dll</ModulePath>
      <ModuleTime>2018-06-05T10:51:36Z</ModuleTime>
      <ModuleName>Microsoft.VisualStudio.TestPlatform.MSTest.TestAdapter</ModuleName>
      <Classes />
    </Module>
    <Module skippedDueTo="Filter" hash="44-8F-EE-BC-56-83-22-04-15-20-82-7D-BF-FA-A8-E8-9C-33-D9-E8">
      <ModulePath>C:\Users\magnusl\source\repos\UnitTestExamplesMsTest\UnitTestExamplesMsTest\bin\Debug\Microsoft.VisualStudio.TestPlatform.TestFramework.dll</ModulePath>
      <ModuleTime>2018-06-05T10:47:02Z</ModuleTime>
      <ModuleName>Microsoft.VisualStudio.TestPlatform.TestFramework</ModuleName>
      <Classes />
    </Module>
    <Module skippedDueTo="Filter" hash="6F-CB-80-19-07-E6-7F-D6-F9-1D-EB-CD-AD-79-88-FA-B9-E8-91-A5">
      <ModulePath>C:\Users\magnusl\source\repos\UnitTestExamplesMsTest\UnitTestExamplesMsTest\bin\Debug\Microsoft.VisualStudio.TestPlatform.MSTestAdapter.PlatformServices.Interface.dll</ModulePath>
      <ModuleTime>2018-06-05T10:50:06Z</ModuleTime>
      <ModuleName>Microsoft.VisualStudio.TestPlatform.MSTestAdapter.PlatformServices.Interface</ModuleName>
      <Classes />
    </Module>
    <Module skippedDueTo="Filter" hash="96-37-1B-D0-62-C2-CB-6E-36-7C-B5-3D-9B-11-64-B6-87-6D-30-8D">
      <ModulePath>C:\Users\magnusl\source\repos\UnitTestExamplesMsTest\UnitTestExamplesMsTest\bin\Debug\UnitTestExamplesMsTest.dll</ModulePath>
      <ModuleTime>2018-09-26T08:25:59.3169644Z</ModuleTime>
      <ModuleName>UnitTestExamplesMsTest</ModuleName>
      <Classes />
    </Module>
    <Module skippedDueTo="Filter" hash="A8-50-D9-1C-8B-DC-20-58-85-7A-3E-54-32-47-8A-0C-09-98-E9-26">
      <ModulePath>C:\Users\magnusl\source\repos\UnitTestExamplesMsTest\UnitTestExamplesMsTest\bin\Debug\Microsoft.VisualStudio.TestPlatform.TestFramework.Extensions.dll</ModulePath>
      <ModuleTime>2018-06-05T10:53:44Z</ModuleTime>
      <ModuleName>Microsoft.VisualStudio.TestPlatform.TestFramework.Extensions</ModuleName>
      <Classes />
    </Module>
    <Module hash="5C-85-D8-2D-35-F4-EC-5C-40-4E-D3-0A-4A-21-7A-15-FA-13-11-78">
      <Summary numSequencePoints="7" visitedSequencePoints="5" numBranchPoints="3" visitedBranchPoints="2" sequenceCoverage="71.43" branchCoverage="66.67" maxCyclomaticComplexity="3" minCyclomaticComplexity="1" visitedClasses="1" numClasses="1" visitedMethods="1" numMethods="1" />
      <ModulePath>C:\Users\magnusl\source\repos\UnitTestExamplesMsTest\UnitTestExamplesMsTest\bin\Debug\ClassLibraryToTest.dll</ModulePath>
      <ModuleTime>2018-09-26T08:25:59.0077378Z</ModuleTime>
      <ModuleName>ClassLibraryToTest</ModuleName>
      <Files>
        <File uid="1" fullPath="C:\Users\magnusl\source\repos\UnitTestExamplesMsTest\ClassLibraryToTest\Class1.cs" />
      </Files>
      <Classes>
        <Class>
          <Summary numSequencePoints="0" visitedSequencePoints="0" numBranchPoints="0" visitedBranchPoints="0" sequenceCoverage="0" branchCoverage="0" maxCyclomaticComplexity="0" minCyclomaticComplexity="0" visitedClasses="0" numClasses="0" visitedMethods="0" numMethods="0" />
          <FullName>&lt;Module&gt;</FullName>
          <Methods />
        </Class>
        <Class>
          <Summary numSequencePoints="7" visitedSequencePoints="5" numBranchPoints="3" visitedBranchPoints="2" sequenceCoverage="71.43" branchCoverage="66.67" maxCyclomaticComplexity="3" minCyclomaticComplexity="1" visitedClasses="1" numClasses="1" visitedMethods="1" numMethods="1" />
          <FullName>ClassLibraryToTest.ClassToTest1</FullName>
          <Methods>
            <Method visited="true" cyclomaticComplexity="3" nPathComplexity="2" sequenceCoverage="71.43" branchCoverage="66.67" isConstructor="false" isStatic="false" isGetter="false" isSetter="false">
              <Summary numSequencePoints="7" visitedSequencePoints="5" numBranchPoints="3" visitedBranchPoints="2" sequenceCoverage="71.43" branchCoverage="66.67" maxCyclomaticComplexity="3" minCyclomaticComplexity="3" visitedClasses="0" numClasses="0" visitedMethods="1" numMethods="1" />
              <MetadataToken>100663297</MetadataToken>
              <Name>System.Int32 ClassLibraryToTest.ClassToTest1::Adder(System.Int32,System.Int32)</Name>
              <FileRef uid="1" />
              <SequencePoints>
                <SequencePoint vc="2" uspid="1" ordinal="0" offset="0" sl="14" sc="9" el="14" ec="10" bec="0" bev="0" fileid="1" />
                <SequencePoint vc="2" uspid="2" ordinal="1" offset="1" sl="15" sc="13" el="15" ec="30" bec="2" bev="1" fileid="1" />
                <SequencePoint vc="0" uspid="3" ordinal="2" offset="16" sl="16" sc="13" el="16" ec="14" bec="0" bev="0" fileid="1" />
                <SequencePoint vc="0" uspid="4" ordinal="3" offset="17" sl="17" sc="17" el="17" ec="27" bec="0" bev="0" fileid="1" />
                <SequencePoint vc="2" uspid="5" ordinal="4" offset="21" sl="19" sc="13" el="19" ec="31" bec="0" bev="0" fileid="1" />
                <SequencePoint vc="2" uspid="6" ordinal="5" offset="25" sl="20" sc="13" el="20" ec="24" bec="0" bev="0" fileid="1" />
                <SequencePoint vc="2" uspid="7" ordinal="6" offset="29" sl="21" sc="9" el="21" ec="10" bec="0" bev="0" fileid="1" />
              </SequencePoints>
              <BranchPoints>
                <BranchPoint vc="0" uspid="10" ordinal="2" offset="14" sl="15" path="0" offsetend="16" fileid="1" />
                <BranchPoint vc="2" uspid="11" ordinal="3" offset="14" sl="15" path="1" offsetend="21" fileid="1" />
              </BranchPoints>
              <MethodPoint xsi:type="SequencePoint" vc="2" uspid="1" ordinal="0" offset="0" sl="14" sc="9" el="14" ec="10" bec="0" bev="0" fileid="1" />
            </Method>
            <Method visited="true" cyclomaticComplexity="1" nPathComplexity="0" sequenceCoverage="0" branchCoverage="0" isConstructor="true" isStatic="false" isGetter="false" isSetter="false">
              <Summary numSequencePoints="0" visitedSequencePoints="0" numBranchPoints="0" visitedBranchPoints="0" sequenceCoverage="0" branchCoverage="0" maxCyclomaticComplexity="1" minCyclomaticComplexity="1" visitedClasses="0" numClasses="0" visitedMethods="0" numMethods="0" />
              <MetadataToken>100663298</MetadataToken>
              <Name>System.Void ClassLibraryToTest.ClassToTest1::.ctor()</Name>
              <SequencePoints />
              <BranchPoints />
              <MethodPoint vc="2" uspid="12" ordinal="0" offset="0" />
            </Method>
          </Methods>
        </Class>
      </Classes>
    </Module>
    <Module skippedDueTo="Filter" hash="86-18-F7-5C-EE-F8-A7-97-A3-8E-98-E8-DF-AE-F1-01-1E-13-EE-74">
      <ModulePath>C:\WINDOWS\Microsoft.Net\assembly\GAC_MSIL\System.Resources.ResourceManager\v4.0_4.0.0.0__b03f5f7f11d50a3a\System.Resources.ResourceManager.dll</ModulePath>
      <ModuleTime>2018-04-11T23:35:19.74798Z</ModuleTime>
      <ModuleName>System.Resources.ResourceManager</ModuleName>
      <Classes />
    </Module>
    <Module skippedDueTo="Filter" hash="E2-9B-76-52-06-68-31-0A-F2-13-8D-E5-66-4B-CB-72-54-F5-25-91">
      <ModulePath>C:\Program Files (x86)\Microsoft Visual Studio\2017\Community\Common7\IDE\Extensions\TestPlatform\Microsoft.VisualStudio.TestPlatform.ObjectModel.dll</ModulePath>
      <ModuleTime>2018-09-24T06:37:21.5047122Z</ModuleTime>
      <ModuleName>Microsoft.VisualStudio.TestPlatform.ObjectModel</ModuleName>
      <Classes />
    </Module>
    <Module skippedDueTo="Filter" hash="0A-C1-B4-28-34-56-20-41-1A-9C-A4-EB-7E-A1-15-87-7F-93-99-11">
      <ModulePath>C:\Program Files (x86)\Microsoft Visual Studio\2017\Community\Common7\IDE\Extensions\TestPlatform\Microsoft.TestPlatform.CoreUtilities.dll</ModulePath>
      <ModuleTime>2018-09-24T06:37:21.5047122Z</ModuleTime>
      <ModuleName>Microsoft.TestPlatform.CoreUtilities</ModuleName>
      <Classes />
    </Module>
    <Module skippedDueTo="Filter" hash="6B-2B-25-2F-DB-11-D1-FC-26-1E-D2-39-4C-E3-A7-8D-AD-2B-F5-B3">
      <ModulePath>C:\WINDOWS\Microsoft.Net\assembly\GAC_MSIL\System.Text.RegularExpressions\v4.0_4.0.0.0__b03f5f7f11d50a3a\System.Text.RegularExpressions.dll</ModulePath>
      <ModuleTime>2018-04-11T23:35:16.8571379Z</ModuleTime>
      <ModuleName>System.Text.RegularExpressions</ModuleName>
      <Classes />
    </Module>
    <Module skippedDueTo="Filter" hash="68-34-E6-C5-56-66-5C-86-EB-D1-39-DC-29-87-43-FC-AC-22-84-11">
      <ModulePath>C:\Program Files (x86)\Microsoft Visual Studio\2017\Community\Common7\IDE\Extensions\TestPlatform\Microsoft.VisualStudio.QualityTools.ExecutionCommon.dll</ModulePath>
      <ModuleTime>2018-09-24T06:37:21.5047122Z</ModuleTime>
      <ModuleName>Microsoft.VisualStudio.QualityTools.ExecutionCommon</ModuleName>
      <Classes />
    </Module>
    <Module skippedDueTo="Filter" hash="5E-00-F2-BD-B9-F4-22-96-E7-7B-B3-81-1C-44-C8-95-E0-8A-AF-34">
      <ModulePath>C:\Program Files (x86)\Microsoft Visual Studio\2017\Community\Common7\IDE\Extensions\TestPlatform\Microsoft.VisualStudio.QualityTools.Resource.dll</ModulePath>
      <ModuleTime>2018-09-24T06:37:21.5047122Z</ModuleTime>
      <ModuleName>Microsoft.VisualStudio.QualityTools.Resource</ModuleName>
      <Classes />
    </Module>
    <Module skippedDueTo="Filter" hash="94-0F-84-A3-63-47-CC-E2-AC-B8-B7-AD-7B-BD-A3-39-51-20-0F-AE">
      <ModulePath>C:\Program Files (x86)\Microsoft Visual Studio\2017\Community\Common7\IDE\Extensions\TestPlatform\Microsoft.VisualStudio.QualityTools.WebTestFramework.dll</ModulePath>
      <ModuleTime>2018-09-24T06:37:21.5047122Z</ModuleTime>
      <ModuleName>Microsoft.VisualStudio.QualityTools.WebTestFramework</ModuleName>
      <Classes />
    </Module>
    <Module skippedDueTo="Filter" hash="E2-9B-76-52-06-68-31-0A-F2-13-8D-E5-66-4B-CB-72-54-F5-25-91">
      <ModulePath>C:\Program Files (x86)\Microsoft Visual Studio\2017\Community\Common7\IDE\Extensions\TestPlatform\Microsoft.VisualStudio.TestPlatform.ObjectModel.dll</ModulePath>
      <ModuleTime>2018-09-24T06:37:21.5047122Z</ModuleTime>
      <ModuleName>Microsoft.VisualStudio.TestPlatform.ObjectModel</ModuleName>
      <Classes />
    </Module>
    <Module skippedDueTo="Filter" hash="96-37-1B-D0-62-C2-CB-6E-36-7C-B5-3D-9B-11-64-B6-87-6D-30-8D">
      <ModulePath>C:\Users\magnusl\source\repos\UnitTestExamplesMsTest\UnitTestExamplesMsTest\bin\Debug\UnitTestExamplesMsTest.dll</ModulePath>
      <ModuleTime>2018-09-26T08:25:59.3169644Z</ModuleTime>
      <ModuleName>UnitTestExamplesMsTest</ModuleName>
      <Classes />
    </Module>
    <Module skippedDueTo="Filter" hash="E2-9B-76-52-06-68-31-0A-F2-13-8D-E5-66-4B-CB-72-54-F5-25-91">
      <ModulePath>C:\Program Files (x86)\Microsoft Visual Studio\2017\Community\Common7\IDE\Extensions\TestPlatform\Microsoft.VisualStudio.TestPlatform.ObjectModel.dll</ModulePath>
      <ModuleTime>2018-09-24T06:37:21.5047122Z</ModuleTime>
      <ModuleName>Microsoft.VisualStudio.TestPlatform.ObjectModel</ModuleName>
      <Classes />
    </Module>
    <Module skippedDueTo="Filter" hash="96-37-1B-D0-62-C2-CB-6E-36-7C-B5-3D-9B-11-64-B6-87-6D-30-8D">
      <ModulePath>C:\Users\magnusl\source\repos\UnitTestExamplesMsTest\UnitTestExamplesMsTest\bin\Debug\UnitTestExamplesMsTest.dll</ModulePath>
      <ModuleTime>2018-09-26T08:25:59.3169644Z</ModuleTime>
      <ModuleName>UnitTestExamplesMsTest</ModuleName>
      <Classes />
    </Module>
  </Modules>
</CoverageSession>